<?xml version="1.0" encoding="UTF-8"?>
<testng-results ignored="0" total="1" passed="1" failed="0" skipped="0">
  <reporter-output>
  </reporter-output>
  <suite started-at="2024-12-05T18:16:55 CST" name="Suite" finished-at="2024-12-05T18:16:58 CST" duration-ms="3603">
    <groups>
    </groups>
    <test started-at="2024-12-05T18:16:55 CST" name="Test" finished-at="2024-12-05T18:16:58 CST" duration-ms="3603">
      <class name="presentation.Example3">
        <test-method signature="check_if_shortlisted(java.lang.String,java.lang.String,java.lang.String)[pri:0, instance:presentation.Example3@692f203f]" started-at="2024-12-05T18:16:58 CST" name="check_if_shortlisted" data-provider="ThreeInputs" finished-at="2024-12-05T18:16:58 CST" duration-ms="26" status="PASS">
          <params>
            <param index="0">
              <value>
                <![CDATA[40]]>
              </value>
            </param>
            <param index="1">
              <value>
                <![CDATA[50]]>
              </value>
            </param>
            <param index="2">
              <value>
                <![CDATA[60]]>
              </value>
            </param>
          </params>
          <reporter-output>
          </reporter-output>
        </test-method> <!-- check_if_shortlisted -->
      </class> <!-- presentation.Example3 -->
    </test> <!-- Test -->
  </suite> <!-- Suite -->
</testng-results>
